54. Printing statistics.

=== OFB ===

   Number of wires:              50063
   Number of wire bits:          50505
   Number of public wires:           7
   Number of public wire bits:     386
   Number of memories:               0
   Number of memory bits:            0
   Number of processes:              0
   Number of cells:              50247
     $_ANDNOT_                   14598
     $_AND_                        216
     $_MUX_                        128
     $_NAND_                       505
     $_NOR_                       5351
     $_NOT_                       2692
     $_ORNOT_                     2230
     $_OR_                        6858
     $_XNOR_                      6444
     $_XOR_                      11097
     sky130_fd_sc_hd__dfxtp_2      128

   Area for cell type $_NOT_ is unknown!
   Area for cell type $_AND_ is unknown!
   Area for cell type $_NAND_ is unknown!
   Area for cell type $_OR_ is unknown!
   Area for cell type $_NOR_ is unknown!
   Area for cell type $_XOR_ is unknown!
   Area for cell type $_XNOR_ is unknown!
   Area for cell type $_ANDNOT_ is unknown!
   Area for cell type $_ORNOT_ is unknown!
   Area for cell type $_MUX_ is unknown!

   Chip area for module '\OFB': 2722.611200

