48. Printing statistics.

=== OFB ===

   Number of wires:              49999
   Number of wire bits:          50441
   Number of public wires:           7
   Number of public wire bits:     386
   Number of memories:               0
   Number of memory bits:            0
   Number of processes:              0
   Number of cells:              50183
     $_ANDNOT_                   14598
     $_AND_                        216
     $_DFF_P_                       64
     $_MUX_                         64
     $_NAND_                       505
     $_NOR_                       5351
     $_NOT_                       2692
     $_ORNOT_                     2230
     $_OR_                        6858
     $_SDFF_PP0_                    64
     $_XNOR_                      6444
     $_XOR_                      11097

   Area for cell type $_NOT_ is unknown!
   Area for cell type $_AND_ is unknown!
   Area for cell type $_NAND_ is unknown!
   Area for cell type $_OR_ is unknown!
   Area for cell type $_NOR_ is unknown!
   Area for cell type $_XOR_ is unknown!
   Area for cell type $_XNOR_ is unknown!
   Area for cell type $_ANDNOT_ is unknown!
   Area for cell type $_ORNOT_ is unknown!
   Area for cell type $_MUX_ is unknown!
   Area for cell type $_DFF_P_ is unknown!
   Area for cell type $_SDFF_PP0_ is unknown!

