62. Printing statistics.

=== OFB ===

   Number of wires:              38039
   Number of wire bits:          38355
   Number of public wires:          70
   Number of public wire bits:     386
   Number of memories:               0
   Number of memory bits:            0
   Number of processes:              0
   Number of cells:              38097
     sky130_fd_sc_hd__a2111o_2       3
     sky130_fd_sc_hd__a211o_2       85
     sky130_fd_sc_hd__a211oi_2      15
     sky130_fd_sc_hd__a21bo_2      145
     sky130_fd_sc_hd__a21boi_2      61
     sky130_fd_sc_hd__a21o_2      1520
     sky130_fd_sc_hd__a21oi_2     1803
     sky130_fd_sc_hd__a221o_2       62
     sky130_fd_sc_hd__a221oi_2       9
     sky130_fd_sc_hd__a22o_2         9
     sky130_fd_sc_hd__a22oi_2        1
     sky130_fd_sc_hd__a2bb2o_2       5
     sky130_fd_sc_hd__a311o_2       67
     sky130_fd_sc_hd__a311oi_2      12
     sky130_fd_sc_hd__a31o_2       190
     sky130_fd_sc_hd__a31oi_2       20
     sky130_fd_sc_hd__a32o_2        10
     sky130_fd_sc_hd__a32oi_2        9
     sky130_fd_sc_hd__a41o_2         2
     sky130_fd_sc_hd__and2_2      2848
     sky130_fd_sc_hd__and2b_2     2279
     sky130_fd_sc_hd__and3_2       699
     sky130_fd_sc_hd__and3b_2       17
     sky130_fd_sc_hd__and4_2         4
     sky130_fd_sc_hd__and4b_2        1
     sky130_fd_sc_hd__dfxtp_2      128
     sky130_fd_sc_hd__inv_2        602
     sky130_fd_sc_hd__mux2_1        64
     sky130_fd_sc_hd__nand2_2     3808
     sky130_fd_sc_hd__nand2b_2    1571
     sky130_fd_sc_hd__nand3_2      535
     sky130_fd_sc_hd__nand3b_2       6
     sky130_fd_sc_hd__nor2_2      4840
     sky130_fd_sc_hd__nor3_2        79
     sky130_fd_sc_hd__nor3b_2        3
     sky130_fd_sc_hd__o2111a_2       4
     sky130_fd_sc_hd__o211a_2       35
     sky130_fd_sc_hd__o211ai_2      28
     sky130_fd_sc_hd__o21a_2       572
     sky130_fd_sc_hd__o21ai_2      688
     sky130_fd_sc_hd__o21ba_2      258
     sky130_fd_sc_hd__o21bai_2     198
     sky130_fd_sc_hd__o221a_2        9
     sky130_fd_sc_hd__o221ai_2      16
     sky130_fd_sc_hd__o22a_2         3
     sky130_fd_sc_hd__o22ai_2        3
     sky130_fd_sc_hd__o2bb2a_2       3
     sky130_fd_sc_hd__o311a_2       45
     sky130_fd_sc_hd__o311ai_2      11
     sky130_fd_sc_hd__o31a_2        87
     sky130_fd_sc_hd__o31ai_2       39
     sky130_fd_sc_hd__o32a_2         5
     sky130_fd_sc_hd__o32ai_2        3
     sky130_fd_sc_hd__o41a_2         6
     sky130_fd_sc_hd__or2_2       2767
     sky130_fd_sc_hd__or3_2        192
     sky130_fd_sc_hd__or3b_2        39
     sky130_fd_sc_hd__or4_2          7
     sky130_fd_sc_hd__or4b_2         1
     sky130_fd_sc_hd__or4bb_2        1
     sky130_fd_sc_hd__xnor2_2     9965
     sky130_fd_sc_hd__xor2_2      1600

   Chip area for module '\OFB': 389621.177600

