Reading technology LEF file at '/home/phuong-nguyen/.volare/volare/sky130/versions/bdc9412b3e468c102d01b7cf6337be06ec6e9c9a/sky130A/libs.ref/sky130_fd_sc_hd/techlef/sky130_fd_sc_hd__nom.tlef'…
[INFO ODB-0227] LEF file: /home/phuong-nguyen/.volare/volare/sky130/versions/bdc9412b3e468c102d01b7cf6337be06ec6e9c9a/sky130A/libs.ref/sky130_fd_sc_hd/techlef/sky130_fd_sc_hd__nom.tlef, created 13 layers, 25 vias
Reading cell LEF file at '/home/phuong-nguyen/.volare/volare/sky130/versions/bdc9412b3e468c102d01b7cf6337be06ec6e9c9a/sky130A/libs.ref/sky130_fd_sc_hd/lef/sky130_fd_sc_hd.lef'…
[WARNING ODB-0220] WARNING (LEFPARS-2008): NOWIREEXTENSIONATPIN statement is obsolete in version 5.6 or later.
The NOWIREEXTENSIONATPIN statement will be ignored. See file /home/phuong-nguyen/.volare/volare/sky130/versions/bdc9412b3e468c102d01b7cf6337be06ec6e9c9a/sky130A/libs.ref/sky130_fd_sc_hd/lef/sky130_fd_sc_hd.lef at line 2.

[INFO ODB-0227] LEF file: /home/phuong-nguyen/.volare/volare/sky130/versions/bdc9412b3e468c102d01b7cf6337be06ec6e9c9a/sky130A/libs.ref/sky130_fd_sc_hd/lef/sky130_fd_sc_hd.lef, created 437 library cells
Reading cell LEF file at '/home/phuong-nguyen/.volare/volare/sky130/versions/bdc9412b3e468c102d01b7cf6337be06ec6e9c9a/sky130A/libs.ref/sky130_fd_sc_hd/lef/sky130_ef_sc_hd.lef'…
[WARNING ODB-0220] WARNING (LEFPARS-2008): NOWIREEXTENSIONATPIN statement is obsolete in version 5.6 or later.
The NOWIREEXTENSIONATPIN statement will be ignored. See file /home/phuong-nguyen/.volare/volare/sky130/versions/bdc9412b3e468c102d01b7cf6337be06ec6e9c9a/sky130A/libs.ref/sky130_fd_sc_hd/lef/sky130_ef_sc_hd.lef at line 2.

[INFO ODB-0227] LEF file: /home/phuong-nguyen/.volare/volare/sky130/versions/bdc9412b3e468c102d01b7cf6337be06ec6e9c9a/sky130A/libs.ref/sky130_fd_sc_hd/lef/sky130_ef_sc_hd.lef, created 4 library cells
[INFO ODB-0127] Reading DEF file: /home/phuong-nguyen/Downloads/DO_AN_01_removed_testbench/DO_AN_01/CODE/runs/RUN_2024-07-11_13-13-04/49-openroad-fillinsertion/OFB.def
[INFO ODB-0128] Design: OFB
[INFO ODB-0094] 		Created 100000 Insts
[INFO ODB-0130]     Created 324 pins.
[INFO ODB-0131]     Created 103132 components and 517002 component-terminals.
[INFO ODB-0132]     Created 2 special nets and 390360 connections.
[INFO ODB-0133]     Created 40186 nets and 126642 connections.
[INFO ODB-0134] Finished DEF file: /home/phuong-nguyen/Downloads/DO_AN_01_removed_testbench/DO_AN_01/CODE/runs/RUN_2024-07-11_13-13-04/49-openroad-fillinsertion/OFB.def
Using RCX ruleset '/home/phuong-nguyen/.volare/volare/sky130/versions/bdc9412b3e468c102d01b7cf6337be06ec6e9c9a/sky130A/libs.tech/openlane/rules.openrcx.sky130A.nom.calibre'…
[INFO RCX-0431] Defined process_corner CURRENT_CORNER with ext_model_index 0
[INFO RCX-0029] Defined extraction corner CURRENT_CORNER
[INFO RCX-0008] extracting parasitics of OFB ...
[INFO RCX-0435] Reading extraction model file /home/phuong-nguyen/.volare/volare/sky130/versions/bdc9412b3e468c102d01b7cf6337be06ec6e9c9a/sky130A/libs.tech/openlane/rules.openrcx.sky130A.nom.calibre ...
[INFO RCX-0436] RC segment generation OFB (max_merge_res 50.0) ...
[INFO RCX-0040] Final 148370 rc segments
[INFO RCX-0439] Coupling Cap extraction OFB ...
[INFO RCX-0440] Coupling threshhold is 0.1000 fF, coupling capacitance less than 0.1000 fF will be grounded.
[INFO RCX-0043] 285095 wires to be extracted
[INFO RCX-0442] 50% completion -- 143902 wires have been extracted
[INFO RCX-0442] 100% completion -- 285095 wires have been extracted
[INFO RCX-0045] Extract 40186 nets, 188545 rsegs, 188545 caps, 371143 ccs
[INFO RCX-0015] Finished extracting OFB.
Setting global connections for newly added cells…
[INFO] Setting global connections...
Writing extracted parasitics to '/home/phuong-nguyen/Downloads/DO_AN_01_removed_testbench/DO_AN_01/CODE/runs/RUN_2024-07-11_13-13-04/50-openroad-rcx/nom/OFB.nom.spef'…
[INFO RCX-0016] Writing SPEF ...
[INFO RCX-0443] 40186 nets finished
[INFO RCX-0017] Finished writing SPEF ...
