┏━━━━━━━━━━┳━━━━━━━━━━━━┳━━━━━━━━━━━━━┳━━━━━━━━━━━━┳━━━━━━━━━━━━━━━━━━┳━━━━━━━━┓
┃ P / R    ┃ Partial    ┃ Required    ┃ Net        ┃ Pin              ┃ Layer  ┃
┡━━━━━━━━━━╇━━━━━━━━━━━━╇━━━━━━━━━━━━━╇━━━━━━━━━━━━╇━━━━━━━━━━━━━━━━━━╇━━━━━━━━┩
│ 9.40     │ 3758.59    │ 400.00      │ net257     │ fanout1011/A     │ met3   │
│ 3.02     │ 1208.89    │ 400.00      │ _33045_    │ _43411_/A_N      │ met1   │
│ 2.50     │ 998.68     │ 400.00      │ _34115_    │ _44017_/C        │ met3   │
│ 2.50     │ 998.68     │ 400.00      │ _34115_    │ _44220_/A2       │ met3   │
│ 2.26     │ 903.73     │ 400.00      │ _02238_    │ _49440_/A        │ met3   │
│ 2.19     │ 875.56     │ 400.00      │ net703     │ _39333_/A        │ met3   │
│ 2.03     │ 810.22     │ 400.00      │ _32139_    │ fanout903/A      │ met2   │
│ 2.02     │ 809.85     │ 400.00      │ net1252    │ _48531_/A1       │ met2   │
│ 1.96     │ 782.16     │ 400.00      │ net325     │ _75235_/B        │ met3   │
│ 1.96     │ 782.16     │ 400.00      │ net325     │ _75236_/B        │ met3   │
│ 1.89     │ 756.67     │ 400.00      │ _26764_    │ _71734_/B        │ met1   │
│ 1.87     │ 748.11     │ 400.00      │ net461     │ _50107_/A        │ met1   │
│ 1.84     │ 734.51     │ 400.00      │ net1249    │ _68246_/A1       │ met2   │
│ 1.76     │ 705.67     │ 400.00      │ _19745_    │ _65705_/A        │ met1   │
│ 1.74     │ 695.72     │ 400.00      │ net1251    │ _40095_/A        │ met2   │
│ 1.73     │ 691.06     │ 400.00      │ net374     │ _68493_/A        │ met3   │
│ 1.73     │ 691.06     │ 400.00      │ net374     │ _68667_/A        │ met3   │
│ 1.71     │ 685.30     │ 400.00      │ net1399    │ fanout1398/A     │ met1   │
│ 1.70     │ 680.71     │ 400.00      │ net168     │ fanout1452/A     │ met3   │
│ 1.65     │ 660.00     │ 400.00      │ net862     │ _64374_/A        │ met1   │
│ 1.59     │ 637.21     │ 400.00      │ net905     │ _60046_/A        │ met2   │
│ 1.57     │ 627.27     │ 400.00      │ net887     │ fanout886/A      │ met2   │
│ 1.55     │ 619.38     │ 400.00      │ _32986_    │ fanout598/A      │ met2   │
│ 1.54     │ 617.96     │ 400.00      │ net899     │ _60893_/A1       │ met3   │
│ 1.54     │ 615.21     │ 400.00      │ net448     │ _50248_/A2       │ met1   │
│ 1.53     │ 610.67     │ 400.00      │ _29426_    │ _74160_/B        │ met1   │
│ 1.51     │ 603.09     │ 400.00      │ net227     │ fanout1164/A     │ met3   │
│ 1.50     │ 600.78     │ 400.00      │ _01888_    │ _38681_/B        │ met1   │
│ 1.50     │ 598.15     │ 400.00      │ net223     │ fanout1190/A     │ met2   │
│ 1.47     │ 589.40     │ 400.00      │ net1195    │ _48937_/A        │ met3   │
│ 1.47     │ 589.40     │ 400.00      │ net1195    │ _48936_/A        │ met3   │
│ 1.47     │ 588.23     │ 400.00      │ net1340    │ _64921_/A        │ met2   │
│ 1.47     │ 587.22     │ 400.00      │ _15055_    │ _40747_/B        │ met1   │
│ 1.43     │ 573.94     │ 400.00      │ net1288    │ _72634_/A        │ met2   │
│ 1.40     │ 559.78     │ 400.00      │ net472     │ _48274_/B        │ met1   │
│ 1.40     │ 559.33     │ 400.00      │ net474     │ _48298_/A        │ met1   │
│ 1.39     │ 557.90     │ 400.00      │ net242     │ fanout1097/A     │ met3   │
│ 1.39     │ 557.90     │ 400.00      │ net242     │ fanout1098/A     │ met3   │
│ 1.38     │ 553.33     │ 400.00      │ _08038_    │ _55150_/A_N      │ met1   │
│ 1.38     │ 552.17     │ 400.00      │ net113     │ _75797_/A1       │ met2   │
│ 1.37     │ 549.03     │ 400.00      │ net516     │ _64141_/B        │ met2   │
│ 1.36     │ 545.33     │ 400.00      │ _25740_    │ _70803_/B        │ met1   │
│ 1.36     │ 544.61     │ 400.00      │ _00040_    │ _75984_/D        │ met2   │
│ 1.33     │ 533.56     │ 400.00      │ net635     │ _72977_/A        │ met2   │
│ 1.33     │ 531.89     │ 400.00      │ net933     │ _57099_/A        │ met1   │
│ 1.33     │ 531.62     │ 400.00      │ net1434    │ fanout1433/A     │ met3   │
│ 1.33     │ 530.41     │ 400.00      │ net327     │ _75797_/A0       │ met3   │
│ 1.31     │ 522.80     │ 400.00      │ net1520    │ _50226_/A1       │ met3   │
│ 1.30     │ 521.22     │ 400.00      │ _03515_    │ _51174_/B        │ met1   │
│ 1.30     │ 518.67     │ 400.00      │ _18283_    │ _64186_/A        │ met1   │
│ 1.29     │ 516.00     │ 400.00      │ _24201_    │ _69404_/B        │ met1   │
│ 1.27     │ 509.56     │ 400.00      │ _03043_    │ _38785_/B        │ met1   │
│ 1.26     │ 504.98     │ 400.00      │ net1085    │ _58833_/A        │ met3   │
│ 1.26     │ 504.98     │ 400.00      │ net1085    │ _43608_/A        │ met3   │
│ 1.26     │ 504.98     │ 400.00      │ net1085    │ _43689_/A        │ met3   │
│ 1.26     │ 504.98     │ 400.00      │ net1085    │ _59980_/A        │ met3   │
│ 1.24     │ 496.89     │ 400.00      │ net1101    │ _49946_/A        │ met1   │
│ 1.23     │ 493.44     │ 400.00      │ _12496_    │ _59329_/A_N      │ met1   │
│ 1.23     │ 491.22     │ 400.00      │ net1462    │ _45904_/A        │ met1   │
│ 1.22     │ 489.83     │ 400.00      │ net1583    │ _48041_/A        │ met2   │
│ 1.22     │ 487.59     │ 400.00      │ _32447_    │ fanout793/A      │ met3   │
│ 1.21     │ 484.22     │ 400.00      │ _00887_    │ _38590_/B        │ met1   │
│ 1.20     │ 478.44     │ 400.00      │ _19615_    │ _65341_/A_N      │ met1   │
│ 1.18     │ 472.78     │ 400.00      │ _20390_    │ _40594_/A        │ met1   │
│ 1.18     │ 472.22     │ 400.00      │ _12879_    │ _59111_/B        │ met1   │
│ 1.18     │ 471.64     │ 400.00      │ net654     │ _72715_/A1       │ met2   │
│ 1.17     │ 467.03     │ 400.00      │ net248     │ fanout1069/A     │ met2   │
│ 1.16     │ 465.67     │ 400.00      │ _03130_    │ _50251_/A        │ met1   │
│ 1.16     │ 464.00     │ 400.00      │ _16938_    │ _63380_/B        │ met1   │
│ 1.15     │ 461.00     │ 400.00      │ _03526_    │ _50812_/A_N      │ met1   │
│ 1.15     │ 461.00     │ 400.00      │ _03526_    │ _51181_/B        │ met1   │
│ 1.13     │ 451.62     │ 400.00      │ net1485    │ fanout1484/A     │ met2   │
│ 1.11     │ 445.11     │ 400.00      │ net1465    │ _75235_/A        │ met1   │
│ 1.11     │ 444.78     │ 400.00      │ net1154    │ _48868_/A        │ met2   │
│ 1.11     │ 443.61     │ 400.00      │ net800     │ _60144_/A        │ met2   │
│ 1.09     │ 435.87     │ 400.00      │ net155     │ fanout1512/A     │ met2   │
│ 1.07     │ 429.39     │ 400.00      │ net1262    │ _60134_/A        │ met2   │
│ 1.07     │ 428.22     │ 400.00      │ net398     │ _66505_/A_N      │ met1   │
│ 1.07     │ 428.19     │ 400.00      │ net837     │ _56780_/A        │ met3   │
│ 1.07     │ 428.19     │ 400.00      │ net837     │ _56781_/A        │ met3   │
│ 1.07     │ 428.19     │ 400.00      │ net837     │ _74874_/A1       │ met3   │
│ 1.07     │ 428.19     │ 400.00      │ net837     │ _68348_/A        │ met3   │
│ 1.06     │ 424.93     │ 400.00      │ _29926_    │ _74617_/A0       │ met1   │
│ 1.02     │ 408.94     │ 400.00      │ _28673_    │ _41117_/B        │ met1   │
│ 1.02     │ 408.28     │ 400.00      │ net1229    │ _38816_/A        │ met2   │
│ 1.01     │ 404.11     │ 400.00      │ net764     │ _70293_/A        │ met1   │
│ 1.01     │ 404.00     │ 400.00      │ _20474_    │ _66016_/B        │ met1   │
│ 1.00     │ 400.82     │ 400.00      │ net1374    │ fanout1373/A     │ met1   │
│ 1.00     │ 400.78     │ 400.00      │ _35009_    │ _45637_/A_N      │ met1   │
└──────────┴────────────┴─────────────┴────────────┴──────────────────┴────────┘
