[INFO PSM-0040] All shapes on net VPWR are connected.
########## IR report #################
Net              : VPWR
Corner           : nom_tt_025C_1v80
Supply voltage   : 1.80e+00 V
Worstcase voltage: -2.38e+26 V
Average voltage  : -4.03e+24 V
Average IR drop  : 4.03e+24 V
Worstcase IR drop: 2.38e+26 V
Percentage drop  : 13225038100716132269641695232.00 %
######################################
[INFO PSM-0040] All shapes on net VGND are connected.
########## IR report #################
Net              : VGND
Corner           : nom_tt_025C_1v80
Supply voltage   : 0.00e+00 V
Worstcase voltage: 2.24e+26 V
Average voltage  : 3.90e+24 V
Average IR drop  : 3.90e+24 V
Worstcase IR drop: 2.24e+26 V
Percentage drop  : 12418914794399214505316843520.00 %
######################################
