Reading OpenROAD database at '/home/phuong-nguyen/Downloads/DO_AN_01_removed_testbench/DO_AN_01/CODE/runs/RUN_2024-07-11_13-13-04/49-openroad-fillinsertion/OFB.odb'…
Reading library file at '/home/phuong-nguyen/.volare/volare/sky130/versions/bdc9412b3e468c102d01b7cf6337be06ec6e9c9a/sky130A/libs.ref/sky130_fd_sc_hd/lib/sky130_fd_sc_hd__tt_025C_1v80.lib'…
Reading design constraints file at '/nix/store/ahslliw018a3nmh2fi1znjfxvy4m8xzn-python3-3.11.6-env/lib/python3.11/site-packages/openlane/scripts/base.sdc'…
[INFO] Using clock clk…
[INFO] Setting output delay to: 5
[INFO] Setting input delay to: 5
[INFO] Setting load to: 0.033442
[INFO] Setting clock uncertainty to: 0.25
[INFO] Setting clock transition to: 0.1499999999999999944488848768742172978818416595458984375
[INFO] Setting timing derate to: 5%
[INFO] Setting RC values…
[INFO] Using voltage extracted from lib (1.8000000000V) for power nets and 0V for ground nets…
%OL_CREATE_REPORT irdrop.rpt
[INFO PSM-0040] All shapes on net VPWR are connected.
########## IR report #################
Net              : VPWR
Corner           : nom_tt_025C_1v80
Supply voltage   : 1.80e+00 V
Worstcase voltage: -2.38e+26 V
Average voltage  : -4.03e+24 V
Average IR drop  : 4.03e+24 V
Worstcase IR drop: 2.38e+26 V
Percentage drop  : 13225038100716132269641695232.00 %
######################################
[INFO PSM-0040] All shapes on net VGND are connected.
########## IR report #################
Net              : VGND
Corner           : nom_tt_025C_1v80
Supply voltage   : 0.00e+00 V
Worstcase voltage: 2.24e+26 V
Average voltage  : 3.90e+24 V
Average IR drop  : 3.90e+24 V
Worstcase IR drop: 2.24e+26 V
Percentage drop  : 12418914794399214505316843520.00 %
######################################
%OL_END_REPORT
