
===========================================================================
Violator List
============================================================================
[setup in-reg] key[97] -> _75967_/D : -105.768188
[setup in-reg] key[97] -> _75968_/D : -105.766151
[setup in-reg] key[97] -> _75966_/D : -105.718117
[setup in-reg] key[97] -> _76032_/D : -105.710243
[setup in-reg] key[97] -> _75969_/D : -105.632057
[setup in-reg] key[97] -> _76031_/D : -105.631676
[setup in-reg] key[97] -> _75964_/D : -105.621506
[setup in-reg] key[97] -> _76033_/D : -105.581413
[setup in-reg] key[97] -> _76030_/D : -105.573990
[setup in-reg] key[97] -> _76028_/D : -105.559036
[setup in-reg] key[97] -> _75962_/D : -105.506783
[setup in-reg] key[97] -> _75965_/D : -105.488060
[setup in-reg] key[97] -> _76029_/D : -105.453499
[setup in-reg] key[97] -> _75963_/D : -105.384369
[setup in-reg] key[97] -> _76026_/D : -105.315948
[setup in-reg] key[97] -> _76027_/D : -105.299538
[setup in-reg] key[97] -> _75961_/D : -104.836418
[setup in-reg] key[97] -> _76025_/D : -104.817657
[setup in-reg] key[97] -> _75960_/D : -104.787453
[setup in-reg] key[97] -> _76024_/D : -104.783340
[setup in-reg] key[97] -> _75958_/D : -104.625580
[setup in-reg] key[97] -> _75959_/D : -104.605286
[setup in-reg] key[97] -> _76000_/D : -104.553658
[setup in-reg] key[97] -> _76022_/D : -104.519409
[setup in-reg] key[97] -> _76064_/D : -104.509155
[setup in-reg] key[97] -> _76023_/D : -104.481728
[setup in-reg] key[97] -> _75957_/D : -104.408943
[setup in-reg] key[97] -> _76021_/D : -104.299080
[setup in-reg] key[97] -> _76020_/D : -104.261787
[setup in-reg] key[97] -> _75956_/D : -104.226791
[setup in-reg] key[97] -> _75998_/D : -104.162483
[setup in-reg] key[97] -> _76065_/D : -104.107811
[setup in-reg] key[97] -> _76001_/D : -104.104080
[setup in-reg] key[97] -> _75999_/D : -104.069603
[setup in-reg] key[97] -> _76062_/D : -104.041557
[setup in-reg] key[97] -> _76063_/D : -103.987930
[setup in-reg] key[97] -> _75955_/D : -103.915100
[setup in-reg] key[97] -> _76019_/D : -103.914436
[setup in-reg] key[97] -> _75954_/D : -103.776321
[setup in-reg] key[97] -> _75997_/D : -103.697807
[setup in-reg] key[97] -> _76018_/D : -103.656784
[setup in-reg] key[97] -> _75953_/D : -103.569183
[setup in-reg] key[97] -> _75996_/D : -103.569038
[setup in-reg] key[97] -> _76061_/D : -103.520134
[setup in-reg] key[97] -> _76060_/D : -103.507324
[setup in-reg] key[97] -> _76017_/D : -103.458702
[setup in-reg] key[97] -> _75952_/D : -103.454277
[setup in-reg] key[97] -> _75995_/D : -103.342674
[setup in-reg] key[97] -> _75993_/D : -103.336960
[setup in-reg] key[97] -> _75994_/D : -103.306259
[setup in-reg] key[97] -> _76057_/D : -103.278358
[setup in-reg] key[97] -> _76016_/D : -103.234230
[setup in-reg] key[97] -> _76059_/D : -103.219208
[setup in-reg] key[97] -> _76058_/D : -103.164909
[setup in-reg] key[97] -> _75992_/D : -102.943253
[setup in-reg] key[97] -> _75951_/D : -102.886490
[setup in-reg] key[97] -> _76015_/D : -102.866211
[setup in-reg] key[97] -> _75950_/D : -102.836906
[setup in-reg] key[97] -> _75991_/D : -102.804642
[setup in-reg] key[97] -> _76014_/D : -102.722839
[setup in-reg] key[97] -> _76056_/D : -102.701622
[setup in-reg] key[97] -> _75949_/D : -102.649765
[setup in-reg] key[97] -> _76055_/D : -102.616959
[setup in-reg] key[97] -> _75990_/D : -102.558228
[setup in-reg] key[97] -> _76054_/D : -102.508995
[setup in-reg] key[97] -> _75989_/D : -102.492905
[setup in-reg] key[97] -> _76013_/D : -102.474586
[setup in-reg] key[97] -> _76053_/D : -102.456970
[setup in-reg] key[97] -> _75948_/D : -102.345123
[setup in-reg] key[97] -> _76012_/D : -102.241539
[setup in-reg] key[97] -> _75988_/D : -102.221230
[setup in-reg] key[97] -> _76052_/D : -102.220039
[setup in-reg] key[97] -> _75947_/D : -102.154129
[setup in-reg] key[97] -> _75987_/D : -102.057503
[setup in-reg] key[97] -> _76011_/D : -102.040443
[setup in-reg] key[97] -> _75946_/D : -101.849724
[setup in-reg] key[97] -> _76051_/D : -101.813751
[setup in-reg] key[97] -> _76010_/D : -101.749947
[setup in-reg] key[97] -> _75986_/D : -101.697006
[setup in-reg] key[97] -> _76050_/D : -101.689835
[setup in-reg] key[97] -> _75945_/D : -101.593094
[setup in-reg] key[97] -> _75985_/D : -101.591980
[setup in-reg] key[97] -> _76049_/D : -101.572701
[setup in-reg] key[97] -> _75944_/D : -101.478867
[setup in-reg] key[97] -> _76009_/D : -101.453217
[setup in-reg] key[97] -> _75984_/D : -101.395729
[setup in-reg] key[97] -> _76048_/D : -101.279808
[setup in-reg] key[97] -> _76008_/D : -101.262848
[setup in-reg] key[97] -> _75943_/D : -101.214218
[setup in-reg] key[97] -> _75983_/D : -101.128250
[setup in-reg] key[97] -> _75982_/D : -101.064522
[setup in-reg] key[97] -> _76007_/D : -101.032257
[setup in-reg] key[97] -> _76047_/D : -100.913155
[setup in-reg] key[97] -> _76046_/D : -100.893211
[setup in-reg] key[97] -> _75942_/D : -100.689484
[setup in-reg] key[97] -> _75981_/D : -100.670280
[setup in-reg] key[97] -> _76045_/D : -100.649536
[setup in-reg] key[97] -> _76006_/D : -100.613747
[setup in-reg] key[97] -> _75941_/D : -100.571030
[setup in-reg] key[97] -> _76005_/D : -100.438576
[setup in-reg] key[97] -> _75940_/D : -100.401627
[setup in-reg] key[97] -> _75980_/D : -100.385452
[setup in-reg] key[97] -> _76044_/D : -100.366112
[setup in-reg] key[97] -> _76004_/D : -100.199173
[setup in-reg] key[97] -> _75939_/D : -100.142899
[setup in-reg] key[97] -> _75938_/D : -100.127419
[setup in-reg] key[97] -> _76003_/D : -100.050285
[setup in-reg] key[97] -> _76002_/D : -100.015495
[setup in-reg] key[97] -> _75979_/D : -100.002594
[setup in-reg] key[97] -> _76043_/D : -99.996033
[setup in-reg] key[97] -> _76042_/D : -99.841026
[setup in-reg] key[97] -> _75978_/D : -99.808571
[setup in-reg] key[97] -> _75977_/D : -99.675018
[setup in-reg] key[97] -> _76041_/D : -99.586998
[setup in-reg] key[97] -> _75976_/D : -99.487602
[setup in-reg] key[97] -> _76040_/D : -99.384026
[setup in-reg] key[97] -> _75975_/D : -99.298302
[setup in-reg] key[97] -> _76039_/D : -99.269531
[setup in-reg] key[97] -> _75974_/D : -99.078537
[setup in-reg] key[97] -> _76038_/D : -99.054245
[setup in-reg] key[97] -> _75973_/D : -98.896324
[setup in-reg] key[97] -> _76037_/D : -98.748405
[setup in-reg] key[97] -> _75972_/D : -98.550552
[setup in-reg] key[97] -> _76036_/D : -98.517250
[setup in-reg] key[97] -> _75971_/D : -98.307899
[setup in-reg] key[97] -> _76035_/D : -98.293495
[setup in-reg] key[97] -> _75970_/D : -97.966377
[setup in-reg] key[97] -> _76034_/D : -97.888527
Writing metric timing__hold_vio__count__corner:nom_tt_025C_1v80: 0
Writing metric timing__hold_r2r__ws__corner:nom_tt_025C_1v80: 1e30
Writing metric timing__hold_r2r_vio__count__corner:nom_tt_025C_1v80: 0
Writing metric timing__setup_vio__count__corner:nom_tt_025C_1v80: 128
Writing metric timing__setup_r2r__ws__corner:nom_tt_025C_1v80: 1e30
Writing metric timing__setup_r2r_vio__count__corner:nom_tt_025C_1v80: 0
