┏━━━━━━━━┳━━━━━━━━━━┳━━━━━━━━━━━┳━━━━━━━━━━━━━━━━━━━━┳━━━━━━━━━━━━━━━━━┳━━━━━━━┓
┃ P / R  ┃ Partial  ┃ Required  ┃ Net                ┃ Pin             ┃ Layer ┃
┡━━━━━━━━╇━━━━━━━━━━╇━━━━━━━━━━━╇━━━━━━━━━━━━━━━━━━━━╇━━━━━━━━━━━━━━━━━╇━━━━━━━┩
│ 6.09   │ 2436.23  │ 400.00    │ net108             │ _75791_/A1      │ met3  │
│ 3.84   │ 1536.44  │ 400.00    │ _01590_            │ _48850_/B       │ met1  │
│ 3.54   │ 1417.14  │ 400.00    │ net900             │ _49249_/A       │ met3  │
│ 3.52   │ 1407.47  │ 400.00    │ net152             │ _68829_/A1      │ met2  │
│ 3.12   │ 1248.45  │ 400.00    │ net245             │ fanout1086/A    │ met3  │
│ 3.09   │ 1234.29  │ 400.00    │ _31919_            │ _61575_/A       │ met3  │
│ 3.07   │ 1229.78  │ 400.00    │ net1189            │ _73150_/A       │ met1  │
│ 2.97   │ 1189.89  │ 400.00    │ tea.data_in[20\]   │ _38157_/B       │ met1  │
│ 2.88   │ 1153.11  │ 400.00    │ _20792_            │ _66575_/B       │ met1  │
│ 2.88   │ 1151.56  │ 400.00    │ net1447            │ _48209_/A       │ met1  │
│ 2.79   │ 1117.89  │ 400.00    │ net1056            │ _47858_/C       │ met1  │
│ 2.69   │ 1074.89  │ 400.00    │ _20119_            │ _65694_/B       │ met1  │
│ 2.69   │ 1074.89  │ 400.00    │ _29054_            │ _74394_/B       │ met1  │
│ 2.41   │ 963.00   │ 400.00    │ net1329            │ _69305_/A       │ met1  │
│ 2.37   │ 948.43   │ 400.00    │ tea.data_in[16\]   │ _38430_/B       │ met3  │
│ 2.37   │ 948.43   │ 400.00    │ tea.data_in[16\]   │ _38429_/B       │ met3  │
│ 2.31   │ 923.81   │ 400.00    │ net1043            │ _59733_/B       │ met3  │
│ 2.31   │ 923.81   │ 400.00    │ net1043            │ _60280_/A_N     │ met3  │
│ 2.30   │ 921.56   │ 400.00    │ _19464_            │ _65669_/A_N     │ met1  │
│ 2.05   │ 821.42   │ 400.00    │ _32788_            │ fanout663/A     │ met2  │
│ 2.02   │ 809.67   │ 400.00    │ net550             │ _56938_/A       │ met1  │
│ 2.02   │ 808.11   │ 400.00    │ _28608_            │ rebuffer132/A   │ met1  │
│ 2.02   │ 806.56   │ 400.00    │ _18989_            │ _64860_/B       │ met1  │
│ 2.01   │ 803.21   │ 400.00    │ net539             │ fanout538/A     │ met3  │
│ 2.01   │ 803.21   │ 400.00    │ net539             │ _62792_/A       │ met3  │
│ 1.92   │ 769.78   │ 400.00    │ net915             │ _46630_/A       │ met1  │
│ 1.92   │ 768.22   │ 400.00    │ _20854_            │ _66507_/B       │ met1  │
│ 1.92   │ 768.22   │ 400.00    │ _34992_            │ _44813_/B       │ met1  │
│ 1.92   │ 768.22   │ 400.00    │ net981             │ _55235_/A       │ met1  │
│ 1.91   │ 762.18   │ 400.00    │ net1328            │ _74605_/A1      │ met3  │
│ 1.83   │ 731.44   │ 400.00    │ _04827_            │ _51791_/B       │ met1  │
│ 1.83   │ 731.44   │ 400.00    │ _36843_            │ _46497_/B       │ met1  │
│ 1.83   │ 731.44   │ 400.00    │ net1216            │ _45486_/A       │ met1  │
│ 1.82   │ 729.89   │ 400.00    │ net842             │ _68335_/A       │ met1  │
│ 1.79   │ 717.58   │ 400.00    │ net561             │ fanout558/A     │ met3  │
│ 1.74   │ 695.27   │ 400.00    │ _20272_            │ _65832_/B       │ met3  │
│ 1.73   │ 693.11   │ 400.00    │ net855             │ _73710_/A       │ met1  │
│ 1.72   │ 687.55   │ 400.00    │ net1591            │ _70078_/A       │ met3  │
│ 1.72   │ 687.55   │ 400.00    │ net1591            │ _70077_/A       │ met3  │
│ 1.68   │ 672.97   │ 400.00    │ net209             │ fanout1253/A    │ met3  │
│ 1.68   │ 672.97   │ 400.00    │ net790             │ _60725_/A1      │ met3  │
│ 1.68   │ 672.97   │ 400.00    │ net1111            │ fanout1110/A    │ met3  │
│ 1.66   │ 664.31   │ 400.00    │ _32161_            │ fanout893/A     │ met2  │
│ 1.64   │ 656.33   │ 400.00    │ net1395            │ _64736_/B       │ met1  │
│ 1.64   │ 654.78   │ 400.00    │ net648             │ _64907_/A       │ met2  │
│ 1.63   │ 653.22   │ 400.00    │ _21396_            │ _67413_/B       │ met1  │
│ 1.63   │ 653.22   │ 400.00    │ _28352_            │ _73208_/B       │ met1  │
│ 1.63   │ 653.22   │ 400.00    │ net1431            │ _64490_/A       │ met1  │
│ 1.61   │ 645.58   │ 400.00    │ _27701_            │ _72587_/B       │ met1  │
│ 1.61   │ 644.79   │ 400.00    │ net153             │ fanout1521/A    │ met2  │
│ 1.60   │ 4739.05  │ 2956.40   │ net334             │ _75792_/A0      │ met4  │
│ 1.57   │ 626.42   │ 400.00    │ _33671_            │ _43613_/A       │ met3  │
│ 1.57   │ 626.07   │ 400.00    │ _37511_            │ _47686_/A       │ met1  │
│ 1.56   │ 625.28   │ 400.00    │ _28924_            │ _73699_/B       │ met1  │
│ 1.55   │ 620.95   │ 400.00    │ net809             │ _49645_/A       │ met3  │
│ 1.54   │ 616.44   │ 400.00    │ net1108            │ _55800_/A       │ met1  │
│ 1.54   │ 614.89   │ 400.00    │ _31679_            │ _41782_/B       │ met1  │
│ 1.54   │ 614.89   │ 400.00    │ net453             │ _49662_/B       │ met1  │
│ 1.48   │ 590.50   │ 400.00    │ _32909_            │ fanout625/A     │ met2  │
│ 1.47   │ 586.25   │ 400.00    │ _20292_            │ max_cap409/A    │ met1  │
│ 1.47   │ 586.25   │ 400.00    │ net1417            │ _75697_/A2      │ met1  │
│ 1.45   │ 578.11   │ 400.00    │ net1186            │ _54183_/B       │ met1  │
│ 1.44   │ 576.56   │ 400.00    │ net183             │ _61469_/A       │ met1  │
│ 1.44   │ 576.56   │ 400.00    │ net679             │ _59704_/A       │ met2  │
│ 1.44   │ 576.56   │ 400.00    │ net1323            │ _45154_/A       │ met1  │
│ 1.42   │ 566.73   │ 400.00    │ _27070_            │ _72012_/B       │ met1  │
│ 1.40   │ 561.51   │ 400.00    │ net1096            │ _71094_/A1_N    │ met3  │
│ 1.40   │ 558.31   │ 400.00    │ clk                │ clkbuf_0_clk/A  │ met4  │
│ 1.37   │ 548.13   │ 400.00    │ net1123            │ _66266_/A       │ met3  │
│ 1.37   │ 548.13   │ 400.00    │ net1123            │ _66267_/A       │ met3  │
│ 1.37   │ 548.13   │ 400.00    │ net1123            │ fanout1122/A    │ met3  │
│ 1.36   │ 543.57   │ 400.00    │ net1131            │ fanout1129/A    │ met2  │
│ 1.36   │ 543.57   │ 400.00    │ net1131            │ _42933_/A       │ met2  │
│ 1.36   │ 3775.24  │ 2778.20   │ _00003_            │ _75950_/D       │ met4  │
│ 1.35   │ 539.78   │ 400.00    │ _15098_            │ _61525_/A_N     │ met1  │
│ 1.35   │ 539.78   │ 400.00    │ net1343            │ _46339_/A       │ met1  │
│ 1.35   │ 539.15   │ 400.00    │ _18865_            │ _64553_/B       │ met3  │
│ 1.35   │ 539.00   │ 400.00    │ _03506_            │ _51162_/A_N     │ met1  │
│ 1.35   │ 539.00   │ 400.00    │ _03506_            │ _50814_/B       │ met1  │
│ 1.35   │ 538.22   │ 400.00    │ _15117_            │ _61712_/B       │ met1  │
│ 1.35   │ 538.22   │ 400.00    │ net628             │ _60848_/A       │ met1  │
│ 1.33   │ 533.33   │ 400.00    │ net1304            │ _72679_/A       │ met3  │
│ 1.31   │ 522.47   │ 400.00    │ net198             │ fanout1298/A    │ met2  │
│ 1.27   │ 508.19   │ 400.00    │ net1036            │ _56844_/A       │ met1  │
│ 1.27   │ 508.12   │ 400.00    │ net1485            │ _74946_/A       │ met3  │
│ 1.27   │ 508.12   │ 400.00    │ net1485            │ _56580_/A1      │ met3  │
│ 1.25   │ 501.44   │ 400.00    │ net1064            │ _75527_/A       │ met1  │
│ 1.25   │ 501.44   │ 400.00    │ net1327            │ _60233_/A       │ met1  │
│ 1.25   │ 500.87   │ 400.00    │ net759             │ fanout757/A     │ met3  │
│ 1.25   │ 500.87   │ 400.00    │ net759             │ _66246_/A       │ met3  │
│ 1.25   │ 499.89   │ 400.00    │ _18231_            │ _64814_/A_N     │ met1  │
│ 1.25   │ 499.89   │ 400.00    │ _27607_            │ rebuffer12/A    │ met1  │
│ 1.25   │ 499.89   │ 400.00    │ net886             │ _41501_/A       │ met1  │
│ 1.25   │ 499.89   │ 400.00    │ net1210            │ _69886_/A       │ met1  │
│ 1.25   │ 499.89   │ 400.00    │ net1769            │ _73960_/A       │ met1  │
│ 1.25   │ 499.22   │ 400.00    │ net710             │ _55923_/A       │ met2  │
│ 1.25   │ 499.22   │ 400.00    │ net710             │ _57072_/A       │ met2  │
│ 1.24   │ 494.55   │ 400.00    │ net574             │ _56657_/A       │ met3  │
│ 1.24   │ 494.55   │ 400.00    │ net574             │ _56658_/A       │ met3  │
│ 1.23   │ 492.08   │ 400.00    │ net138             │ fanout1584/A    │ met3  │
│ 1.22   │ 488.67   │ 400.00    │ _32865_            │ fanout636/A     │ met2  │
│ 1.22   │ 488.67   │ 400.00    │ net1173            │ _41847_/A       │ met1  │
│ 1.20   │ 481.55   │ 400.00    │ net1087            │ _55766_/A       │ met3  │
│ 1.20   │ 481.55   │ 400.00    │ net1087            │ _48202_/A       │ met3  │
│ 1.20   │ 481.50   │ 400.00    │ net1403            │ _64735_/A       │ met1  │
│ 1.20   │ 481.50   │ 400.00    │ net1403            │ _64736_/A       │ met1  │
│ 1.20   │ 480.56   │ 400.00    │ clk                │ clkbuf_0_clk/A  │ met3  │
│ 1.20   │ 479.94   │ 400.00    │ _36735_            │ _46398_/A_N     │ met1  │
│ 1.20   │ 479.94   │ 400.00    │ _36735_            │ _46490_/B       │ met1  │
│ 1.18   │ 470.30   │ 400.00    │ _01575_            │ _48837_/A       │ met3  │
│ 1.17   │ 469.95   │ 400.00    │ net1319            │ _42664_/A       │ met1  │
│ 1.17   │ 469.16   │ 400.00    │ _17592_            │ _63606_/B       │ met1  │
│ 1.17   │ 469.16   │ 400.00    │ _32788_            │ fanout662/A     │ met2  │
│ 1.17   │ 469.16   │ 400.00    │ net1113            │ _56963_/A       │ met1  │
│ 1.17   │ 3249.52  │ 2778.20   │ _00063_            │ _75947_/D       │ met4  │
│ 1.16   │ 464.67   │ 400.00    │ net1095            │ _49937_/A       │ met1  │
│ 1.16   │ 463.11   │ 400.00    │ _07467_            │ _54568_/A       │ met1  │
│ 1.16   │ 463.11   │ 400.00    │ net1341            │ _63749_/A       │ met1  │
│ 1.16   │ 463.11   │ 400.00    │ net1414            │ _64473_/A       │ met1  │
│ 1.15   │ 461.56   │ 400.00    │ _03379_            │ _50666_/A_N     │ met1  │
│ 1.15   │ 461.56   │ 400.00    │ _03379_            │ _50475_/B       │ met1  │
│ 1.15   │ 461.56   │ 400.00    │ _25255_            │ _70814_/B       │ met1  │
│ 1.15   │ 461.56   │ 400.00    │ _37521_            │ _47113_/B       │ met1  │
│ 1.15   │ 461.56   │ 400.00    │ net980             │ _41066_/A       │ met1  │
│ 1.15   │ 461.56   │ 400.00    │ net1106            │ _53461_/A       │ met1  │
│ 1.14   │ 454.44   │ 400.00    │ net167             │ fanout1458/A    │ met2  │
│ 1.13   │ 453.82   │ 400.00    │ net1328            │ fanout1325/A    │ met3  │
│ 1.13   │ 452.02   │ 400.00    │ net854             │ _50374_/A       │ met1  │
│ 1.13   │ 450.43   │ 400.00    │ _17582_            │ _63602_/A2      │ met1  │
│ 1.13   │ 450.43   │ 400.00    │ net838             │ _50961_/A       │ met1  │
│ 1.12   │ 449.94   │ 400.00    │ net1588            │ _68930_/A1      │ met3  │
│ 1.12   │ 449.64   │ 400.00    │ _19473_            │ _65355_/A       │ met1  │
│ 1.12   │ 449.64   │ 400.00    │ net988             │ _42277_/A       │ met1  │
│ 1.12   │ 447.54   │ 400.00    │ net989             │ _56390_/A       │ met3  │
│ 1.12   │ 447.54   │ 400.00    │ net989             │ _56391_/A       │ met3  │
│ 1.12   │ 447.54   │ 400.00    │ net989             │ _47045_/A       │ met3  │
│ 1.12   │ 446.37   │ 400.00    │ net465             │ _48261_/B       │ met1  │
│ 1.12   │ 446.37   │ 400.00    │ net465             │ _48262_/B       │ met1  │
│ 1.12   │ 446.37   │ 400.00    │ net465             │ _48476_/B       │ met1  │
│ 1.11   │ 445.71   │ 400.00    │ net812             │ _68258_/A       │ met3  │
│ 1.11   │ 443.17   │ 400.00    │ _37521_            │ _47697_/A_N     │ met1  │
│ 1.11   │ 443.17   │ 400.00    │ _37521_            │ _47289_/B       │ met1  │
│ 1.11   │ 442.39   │ 400.00    │ _29866_            │ _74671_/B       │ met1  │
│ 1.11   │ 442.39   │ 400.00    │ _29866_            │ _74670_/A_N     │ met1  │
│ 1.08   │ 430.92   │ 400.00    │ net1533            │ _68835_/A1      │ met1  │
│ 1.08   │ 430.13   │ 400.00    │ _02174_            │ _38859_/A1      │ met1  │
│ 1.08   │ 430.13   │ 400.00    │ net371             │ _68688_/B       │ met1  │
│ 1.07   │ 429.58   │ 400.00    │ net703             │ _55938_/A       │ met3  │
│ 1.07   │ 429.58   │ 400.00    │ net703             │ _47772_/A       │ met3  │
│ 1.07   │ 427.80   │ 400.00    │ _02361_            │ _39020_/A       │ met1  │
│ 1.07   │ 427.80   │ 400.00    │ _02361_            │ _39025_/A       │ met1  │
│ 1.06   │ 425.70   │ 400.00    │ _13774_            │ _59925_/B       │ met3  │
│ 1.06   │ 425.70   │ 400.00    │ tea.data_in[48\]   │ _38220_/B1      │ met3  │
│ 1.06   │ 425.70   │ 400.00    │ tea.data_in[48\]   │ _38216_/A       │ met3  │
│ 1.06   │ 424.78   │ 400.00    │ net673             │ _56240_/A       │ met2  │
│ 1.06   │ 424.78   │ 400.00    │ net889             │ _56848_/A       │ met1  │
│ 1.06   │ 423.22   │ 400.00    │ net524             │ _56954_/A       │ met1  │
│ 1.06   │ 423.22   │ 400.00    │ net1035            │ _55088_/A       │ met1  │
│ 1.06   │ 423.22   │ 400.00    │ net1339            │ _68397_/A       │ met1  │
│ 1.05   │ 419.15   │ 400.00    │ net198             │ fanout1298/A    │ met3  │
│ 1.04   │ 2899.05  │ 2778.20   │ _00043_            │ _75987_/D       │ met4  │
│ 1.03   │ 413.53   │ 400.00    │ net629             │ fanout626/A     │ met3  │
│ 1.03   │ 413.53   │ 400.00    │ net629             │ _72990_/A       │ met3  │
│ 1.03   │ 411.40   │ 400.00    │ net763             │ _63333_/A       │ met1  │
│ 1.03   │ 410.61   │ 400.00    │ net760             │ _69129_/A       │ met1  │
│ 1.03   │ 410.61   │ 400.00    │ net839             │ _45132_/A1      │ met1  │
│ 1.02   │ 409.21   │ 400.00    │ net876             │ _60304_/A1      │ met3  │
│ 1.01   │ 405.33   │ 400.00    │ net869             │ _53831_/A1      │ met3  │
│ 1.01   │ 402.75   │ 400.00    │ _33096_            │ fanout557/A     │ met3  │
│ 1.00   │ 401.93   │ 400.00    │ _20882_            │ _66642_/A       │ met1  │
│ 1.00   │ 401.93   │ 400.00    │ _20882_            │ _66638_/A       │ met1  │
│ 1.00   │ 401.41   │ 400.00    │ _20803_            │ _66587_/A       │ met1  │
│ 1.00   │ 401.41   │ 400.00    │ _20803_            │ _66580_/A       │ met1  │
└────────┴──────────┴───────────┴────────────────────┴─────────────────┴───────┘
