
===========================================================================
Violator List
============================================================================
[setup in-reg] key[101] -> _75967_/D : -99.833412
[setup in-reg] key[101] -> _75966_/D : -99.828529
[setup in-reg] key[101] -> _75968_/D : -99.827065
[setup in-reg] key[101] -> _76032_/D : -99.783508
[setup in-reg] key[101] -> _75969_/D : -99.753876
[setup in-reg] key[101] -> _76031_/D : -99.744347
[setup in-reg] key[101] -> _75964_/D : -99.730537
[setup in-reg] key[101] -> _76033_/D : -99.702850
[setup in-reg] key[101] -> _76030_/D : -99.684402
[setup in-reg] key[101] -> _76028_/D : -99.668068
[setup in-reg] key[101] -> _75962_/D : -99.615829
[setup in-reg] key[101] -> _75965_/D : -99.597092
[setup in-reg] key[101] -> _76029_/D : -99.562531
[setup in-reg] key[101] -> _75963_/D : -99.493401
[setup in-reg] key[101] -> _76026_/D : -99.424995
[setup in-reg] key[101] -> _76027_/D : -99.408569
[setup in-reg] key[101] -> _75961_/D : -98.995064
[setup in-reg] key[101] -> _75960_/D : -98.979546
[setup in-reg] key[101] -> _76025_/D : -98.977318
[setup in-reg] key[101] -> _76024_/D : -98.974739
[setup in-reg] key[101] -> _75958_/D : -98.881638
[setup in-reg] key[101] -> _75959_/D : -98.861259
[setup in-reg] key[101] -> _76000_/D : -98.834930
[setup in-reg] key[101] -> _76064_/D : -98.813881
[setup in-reg] key[101] -> _76022_/D : -98.775467
[setup in-reg] key[101] -> _76023_/D : -98.737701
[setup in-reg] key[101] -> _75957_/D : -98.646812
[setup in-reg] key[101] -> _76021_/D : -98.536949
[setup in-reg] key[101] -> _76020_/D : -98.499413
[setup in-reg] key[101] -> _75956_/D : -98.464531
[setup in-reg] key[101] -> _75998_/D : -98.443214
[setup in-reg] key[101] -> _76065_/D : -98.382164
[setup in-reg] key[101] -> _75999_/D : -98.350128
[setup in-reg] key[101] -> _76062_/D : -98.322281
[setup in-reg] key[101] -> _76001_/D : -98.322037
[setup in-reg] key[101] -> _76019_/D : -98.275894
[setup in-reg] key[101] -> _75955_/D : -98.275497
[setup in-reg] key[101] -> _76063_/D : -98.268463
[setup in-reg] key[101] -> _75954_/D : -98.087631
[setup in-reg] key[101] -> _75997_/D : -98.029335
[setup in-reg] key[101] -> _76018_/D : -97.968094
[setup in-reg] key[101] -> _75953_/D : -97.860367
[setup in-reg] key[101] -> _76061_/D : -97.851234
[setup in-reg] key[101] -> _75996_/D : -97.842194
[setup in-reg] key[101] -> _75952_/D : -97.806419
[setup in-reg] key[101] -> _76060_/D : -97.780472
[setup in-reg] key[101] -> _76017_/D : -97.749893
[setup in-reg] key[101] -> _75995_/D : -97.685829
[setup in-reg] key[101] -> _75993_/D : -97.603210
[setup in-reg] key[101] -> _76016_/D : -97.586365
[setup in-reg] key[101] -> _75994_/D : -97.585495
[setup in-reg] key[101] -> _76057_/D : -97.544601
[setup in-reg] key[101] -> _76059_/D : -97.540695
[setup in-reg] key[101] -> _76058_/D : -97.438065
[setup in-reg] key[101] -> _75992_/D : -97.304550
[setup in-reg] key[101] -> _75951_/D : -97.257034
[setup in-reg] key[101] -> _76015_/D : -97.236412
[setup in-reg] key[101] -> _75950_/D : -97.156784
[setup in-reg] key[101] -> _75991_/D : -97.143341
[setup in-reg] key[101] -> _76056_/D : -97.063240
[setup in-reg] key[101] -> _76014_/D : -97.047493
[setup in-reg] key[101] -> _75949_/D : -97.020363
[setup in-reg] key[101] -> _76055_/D : -96.982697
[setup in-reg] key[101] -> _76054_/D : -96.931290
[setup in-reg] key[101] -> _75989_/D : -96.911697
[setup in-reg] key[101] -> _75990_/D : -96.888794
[setup in-reg] key[101] -> _76053_/D : -96.875694
[setup in-reg] key[101] -> _76013_/D : -96.845184
[setup in-reg] key[101] -> _75948_/D : -96.683601
[setup in-reg] key[101] -> _75988_/D : -96.595833
[setup in-reg] key[101] -> _76052_/D : -96.590492
[setup in-reg] key[101] -> _76012_/D : -96.577293
[setup in-reg] key[101] -> _75947_/D : -96.565208
[setup in-reg] key[101] -> _76011_/D : -96.450050
[setup in-reg] key[101] -> _75987_/D : -96.372276
[setup in-reg] key[101] -> _75946_/D : -96.297401
[setup in-reg] key[101] -> _76010_/D : -96.201370
[setup in-reg] key[101] -> _75945_/D : -96.185493
[setup in-reg] key[101] -> _76051_/D : -96.083519
[setup in-reg] key[101] -> _75986_/D : -96.066879
[setup in-reg] key[101] -> _76050_/D : -96.060425
[setup in-reg] key[101] -> _76009_/D : -96.045624
[setup in-reg] key[101] -> _75944_/D : -96.036278
[setup in-reg] key[101] -> _75943_/D : -95.863388
[setup in-reg] key[101] -> _75985_/D : -95.858002
[setup in-reg] key[101] -> _76049_/D : -95.838715
[setup in-reg] key[101] -> _76008_/D : -95.820259
[setup in-reg] key[101] -> _75984_/D : -95.733887
[setup in-reg] key[101] -> _76007_/D : -95.681435
[setup in-reg] key[101] -> _75982_/D : -95.656425
[setup in-reg] key[101] -> _76048_/D : -95.646416
[setup in-reg] key[101] -> _75983_/D : -95.535583
[setup in-reg] key[101] -> _76046_/D : -95.485115
[setup in-reg] key[101] -> _75942_/D : -95.408875
[setup in-reg] key[101] -> _76006_/D : -95.333138
[setup in-reg] key[101] -> _75941_/D : -95.302330
[setup in-reg] key[101] -> _76047_/D : -95.283142
[setup in-reg] key[101] -> _76005_/D : -95.169868
[setup in-reg] key[101] -> _75940_/D : -95.132919
[setup in-reg] key[101] -> _75980_/D : -95.067566
[setup in-reg] key[101] -> _75981_/D : -95.045242
[setup in-reg] key[101] -> _76045_/D : -95.026886
[setup in-reg] key[101] -> _76044_/D : -95.015190
[setup in-reg] key[101] -> _76004_/D : -94.930473
[setup in-reg] key[101] -> _75939_/D : -94.881943
[setup in-reg] key[101] -> _75938_/D : -94.855721
[setup in-reg] key[101] -> _76003_/D : -94.789322
[setup in-reg] key[101] -> _76002_/D : -94.743790
[setup in-reg] key[101] -> _75979_/D : -94.622169
[setup in-reg] key[101] -> _76043_/D : -94.615601
[setup in-reg] key[101] -> _76042_/D : -94.484642
[setup in-reg] key[101] -> _75978_/D : -94.457085
[setup in-reg] key[101] -> _75977_/D : -94.406311
[setup in-reg] key[101] -> _76041_/D : -94.318298
[setup in-reg] key[101] -> _75976_/D : -94.226662
[setup in-reg] key[101] -> _76040_/D : -94.123055
[setup in-reg] key[101] -> _75975_/D : -94.026588
[setup in-reg] key[101] -> _76039_/D : -93.998398
[setup in-reg] key[101] -> _75974_/D : -93.838440
[setup in-reg] key[101] -> _76038_/D : -93.814392
[setup in-reg] key[101] -> _75973_/D : -93.628563
[setup in-reg] key[101] -> _76037_/D : -93.459412
[setup in-reg] key[101] -> _75972_/D : -93.357941
[setup in-reg] key[101] -> _76036_/D : -93.343407
[setup in-reg] key[101] -> _75971_/D : -93.248070
[setup in-reg] key[101] -> _76035_/D : -93.233658
[setup in-reg] key[101] -> _75970_/D : -92.726601
[setup in-reg] key[101] -> _76034_/D : -92.648743
Writing metric timing__hold_vio__count__corner:nom_tt_025C_1v80: 0
Writing metric timing__hold_r2r__ws__corner:nom_tt_025C_1v80: 1e30
Writing metric timing__hold_r2r_vio__count__corner:nom_tt_025C_1v80: 0
Writing metric timing__setup_vio__count__corner:nom_tt_025C_1v80: 128
Writing metric timing__setup_r2r__ws__corner:nom_tt_025C_1v80: 1e30
Writing metric timing__setup_r2r_vio__count__corner:nom_tt_025C_1v80: 0
