
===========================================================================
Violator List
============================================================================
[setup in-reg] key[97] -> _75967_/D : -100.873077
[setup in-reg] key[97] -> _75968_/D : -100.872810
[setup in-reg] key[97] -> _75966_/D : -100.871338
[setup in-reg] key[97] -> _75969_/D : -100.857864
[setup in-reg] key[97] -> _76032_/D : -100.839859
[setup in-reg] key[97] -> _76033_/D : -100.839233
[setup in-reg] key[97] -> _76031_/D : -100.792519
[setup in-reg] key[97] -> _75964_/D : -100.785378
[setup in-reg] key[97] -> _76030_/D : -100.722717
[setup in-reg] key[97] -> _76028_/D : -100.717590
[setup in-reg] key[97] -> _75965_/D : -100.649422
[setup in-reg] key[97] -> _76029_/D : -100.610451
[setup in-reg] key[97] -> _75962_/D : -100.599464
[setup in-reg] key[97] -> _76027_/D : -100.471161
[setup in-reg] key[97] -> _76026_/D : -100.469055
[setup in-reg] key[97] -> _75963_/D : -100.465927
[setup in-reg] key[97] -> _75961_/D : -100.112106
[setup in-reg] key[97] -> _76025_/D : -100.089905
[setup in-reg] key[97] -> _76024_/D : -100.026711
[setup in-reg] key[97] -> _75960_/D : -100.002892
[setup in-reg] key[97] -> _76000_/D : -99.998238
[setup in-reg] key[97] -> _76064_/D : -99.979675
[setup in-reg] key[97] -> _75959_/D : -99.912003
[setup in-reg] key[97] -> _75958_/D : -99.901428
[setup in-reg] key[97] -> _76022_/D : -99.803612
[setup in-reg] key[97] -> _76023_/D : -99.783669
[setup in-reg] key[97] -> _75998_/D : -99.598312
[setup in-reg] key[97] -> _76065_/D : -99.504692
[setup in-reg] key[97] -> _76062_/D : -99.475372
[setup in-reg] key[97] -> _76001_/D : -99.460335
[setup in-reg] key[97] -> _75957_/D : -99.456528
[setup in-reg] key[97] -> _75999_/D : -99.370613
[setup in-reg] key[97] -> _76021_/D : -99.366615
[setup in-reg] key[97] -> _76063_/D : -99.332115
[setup in-reg] key[97] -> _75956_/D : -99.323685
[setup in-reg] key[97] -> _76020_/D : -99.259644
[setup in-reg] key[97] -> _75997_/D : -99.212151
[setup in-reg] key[97] -> _75955_/D : -99.169876
[setup in-reg] key[97] -> _76019_/D : -99.150055
[setup in-reg] key[97] -> _76061_/D : -99.027985
[setup in-reg] key[97] -> _75954_/D : -99.005959
[setup in-reg] key[97] -> _76060_/D : -98.917213
[setup in-reg] key[97] -> _75996_/D : -98.897011
[setup in-reg] key[97] -> _76018_/D : -98.861626
[setup in-reg] key[97] -> _75953_/D : -98.699348
[setup in-reg] key[97] -> _75994_/D : -98.696297
[setup in-reg] key[97] -> _75995_/D : -98.694954
[setup in-reg] key[97] -> _75993_/D : -98.659447
[setup in-reg] key[97] -> _75952_/D : -98.636078
[setup in-reg] key[97] -> _76057_/D : -98.613602
[setup in-reg] key[97] -> _76017_/D : -98.576637
[setup in-reg] key[97] -> _76058_/D : -98.576256
[setup in-reg] key[97] -> _76059_/D : -98.522713
[setup in-reg] key[97] -> _76016_/D : -98.476547
[setup in-reg] key[97] -> _75992_/D : -98.316948
[setup in-reg] key[97] -> _75991_/D : -98.219368
[setup in-reg] key[97] -> _75951_/D : -98.197739
[setup in-reg] key[97] -> _75950_/D : -98.165871
[setup in-reg] key[97] -> _76055_/D : -98.136658
[setup in-reg] key[97] -> _76015_/D : -98.119560
[setup in-reg] key[97] -> _76056_/D : -98.081017
[setup in-reg] key[97] -> _76014_/D : -98.064766
[setup in-reg] key[97] -> _75989_/D : -97.983734
[setup in-reg] key[97] -> _75949_/D : -97.923927
[setup in-reg] key[97] -> _76053_/D : -97.891930
[setup in-reg] key[97] -> _75990_/D : -97.848534
[setup in-reg] key[97] -> _76054_/D : -97.842758
[setup in-reg] key[97] -> _76013_/D : -97.766335
[setup in-reg] key[97] -> _75988_/D : -97.708641
[setup in-reg] key[97] -> _76052_/D : -97.570084
[setup in-reg] key[97] -> _75948_/D : -97.568062
[setup in-reg] key[97] -> _76012_/D : -97.444687
[setup in-reg] key[97] -> _75947_/D : -97.423767
[setup in-reg] key[97] -> _75987_/D : -97.404152
[setup in-reg] key[97] -> _76011_/D : -97.309769
[setup in-reg] key[97] -> _75946_/D : -97.183945
[setup in-reg] key[97] -> _76051_/D : -97.072823
[setup in-reg] key[97] -> _76010_/D : -97.065956
[setup in-reg] key[97] -> _75986_/D : -97.039139
[setup in-reg] key[97] -> _76050_/D : -97.007965
[setup in-reg] key[97] -> _75945_/D : -96.960976
[setup in-reg] key[97] -> _75944_/D : -96.855080
[setup in-reg] key[97] -> _76009_/D : -96.849945
[setup in-reg] key[97] -> _75985_/D : -96.830727
[setup in-reg] key[97] -> _76049_/D : -96.781387
[setup in-reg] key[97] -> _76008_/D : -96.686394
[setup in-reg] key[97] -> _75984_/D : -96.675140
[setup in-reg] key[97] -> _75983_/D : -96.587341
[setup in-reg] key[97] -> _76048_/D : -96.559319
[setup in-reg] key[97] -> _75943_/D : -96.479057
[setup in-reg] key[97] -> _75982_/D : -96.451012
[setup in-reg] key[97] -> _76007_/D : -96.426048
[setup in-reg] key[97] -> _76047_/D : -96.337318
[setup in-reg] key[97] -> _75942_/D : -96.294243
[setup in-reg] key[97] -> _76046_/D : -96.288460
[setup in-reg] key[97] -> _76006_/D : -96.227257
[setup in-reg] key[97] -> _75941_/D : -96.149071
[setup in-reg] key[97] -> _75940_/D : -96.053703
[setup in-reg] key[97] -> _75981_/D : -96.050720
[setup in-reg] key[97] -> _76045_/D : -96.016594
[setup in-reg] key[97] -> _76005_/D : -95.991684
[setup in-reg] key[97] -> _76004_/D : -95.879372
[setup in-reg] key[97] -> _75980_/D : -95.861183
[setup in-reg] key[97] -> _76044_/D : -95.822006
[setup in-reg] key[97] -> _75938_/D : -95.782417
[setup in-reg] key[97] -> _75939_/D : -95.766869
[setup in-reg] key[97] -> _76003_/D : -95.670036
[setup in-reg] key[97] -> _76002_/D : -95.655533
[setup in-reg] key[97] -> _75979_/D : -95.564720
[setup in-reg] key[97] -> _76043_/D : -95.540154
[setup in-reg] key[97] -> _76042_/D : -95.486755
[setup in-reg] key[97] -> _75978_/D : -95.442299
[setup in-reg] key[97] -> _75977_/D : -95.275002
[setup in-reg] key[97] -> _76041_/D : -95.217659
[setup in-reg] key[97] -> _75976_/D : -95.153442
[setup in-reg] key[97] -> _76040_/D : -95.065193
[setup in-reg] key[97] -> _75975_/D : -95.005280
[setup in-reg] key[97] -> _76039_/D : -94.979858
[setup in-reg] key[97] -> _75974_/D : -94.702423
[setup in-reg] key[97] -> _76038_/D : -94.684624
[setup in-reg] key[97] -> _75973_/D : -94.572838
[setup in-reg] key[97] -> _76037_/D : -94.446465
[setup in-reg] key[97] -> _75972_/D : -94.250427
[setup in-reg] key[97] -> _76036_/D : -94.178116
[setup in-reg] key[97] -> _75971_/D : -94.140182
[setup in-reg] key[97] -> _76035_/D : -94.100876
[setup in-reg] key[97] -> _75970_/D : -93.639168
[setup in-reg] key[97] -> _76034_/D : -93.589851
Writing metric timing__hold_vio__count__corner:nom_tt_025C_1v80: 0
Writing metric timing__hold_r2r__ws__corner:nom_tt_025C_1v80: 1e30
Writing metric timing__hold_r2r_vio__count__corner:nom_tt_025C_1v80: 0
Writing metric timing__setup_vio__count__corner:nom_tt_025C_1v80: 128
Writing metric timing__setup_r2r__ws__corner:nom_tt_025C_1v80: 1e30
Writing metric timing__setup_r2r_vio__count__corner:nom_tt_025C_1v80: 0
