┏━━━━━━━━━━┳━━━━━━━━━━━━┳━━━━━━━━━━━━━┳━━━━━━━━━━━━┳━━━━━━━━━━━━━━━━━━┳━━━━━━━━┓
┃ P / R    ┃ Partial    ┃ Required    ┃ Net        ┃ Pin              ┃ Layer  ┃
┡━━━━━━━━━━╇━━━━━━━━━━━━╇━━━━━━━━━━━━━╇━━━━━━━━━━━━╇━━━━━━━━━━━━━━━━━━╇━━━━━━━━┩
│ 9.39     │ 3755.47    │ 400.00      │ net257     │ fanout1011/A     │ met3   │
│ 3.07     │ 1229.78    │ 400.00      │ _27090_    │ _72032_/B        │ met1   │
│ 2.52     │ 1007.55    │ 400.00      │ _34115_    │ _44017_/C        │ met3   │
│ 2.52     │ 1007.55    │ 400.00      │ _34115_    │ _44220_/A2       │ met3   │
│ 2.29     │ 916.36     │ 400.00      │ _02238_    │ _49440_/A        │ met3   │
│ 2.21     │ 883.81     │ 400.00      │ net703     │ _39333_/A        │ met3   │
│ 1.95     │ 781.40     │ 400.00      │ _32139_    │ fanout903/A      │ met2   │
│ 1.92     │ 768.22     │ 400.00      │ net1393    │ _69363_/B        │ met1   │
│ 1.70     │ 678.31     │ 400.00      │ net168     │ fanout1452/A     │ met3   │
│ 1.64     │ 655.42     │ 400.00      │ net374     │ _68667_/A        │ met3   │
│ 1.64     │ 655.42     │ 400.00      │ net374     │ _68493_/A        │ met3   │
│ 1.57     │ 628.36     │ 400.00      │ net227     │ fanout1164/A     │ met3   │
│ 1.49     │ 595.72     │ 400.00      │ _28624_    │ _73836_/A_N      │ met1   │
│ 1.49     │ 595.72     │ 400.00      │ _28624_    │ _73837_/B        │ met1   │
│ 1.35     │ 539.78     │ 400.00      │ net761     │ _56370_/A        │ met1   │
│ 1.35     │ 538.22     │ 400.00      │ _00040_    │ _75984_/D        │ met2   │
│ 1.35     │ 538.22     │ 400.00      │ net347     │ _74593_/A        │ met1   │
│ 1.33     │ 533.33     │ 400.00      │ net327     │ _75797_/A0       │ met3   │
│ 1.32     │ 529.52     │ 400.00      │ net1085    │ _58833_/A        │ met3   │
│ 1.32     │ 529.52     │ 400.00      │ net1085    │ _43689_/A        │ met3   │
│ 1.32     │ 529.52     │ 400.00      │ net1085    │ _43608_/A        │ met3   │
│ 1.32     │ 529.52     │ 400.00      │ net1085    │ _59980_/A        │ met3   │
│ 1.25     │ 501.44     │ 400.00      │ _28308_    │ _73139_/B        │ met1   │
│ 1.25     │ 499.89     │ 400.00      │ net1583    │ _48041_/A        │ met2   │
│ 1.25     │ 499.15     │ 400.00      │ _32447_    │ fanout793/A      │ met3   │
│ 1.19     │ 477.12     │ 400.00      │ net248     │ fanout1069/A     │ met2   │
│ 1.15     │ 461.56     │ 400.00      │ _25255_    │ _70814_/B        │ met1   │
│ 1.15     │ 461.56     │ 400.00      │ net184     │ _63787_/A        │ met1   │
│ 1.15     │ 461.56     │ 400.00      │ net1384    │ _70530_/A        │ met1   │
│ 1.13     │ 450.43     │ 400.00      │ net155     │ fanout1512/A     │ met2   │
│ 1.08     │ 430.13     │ 400.00      │ _18889_    │ _65024_/A        │ met1   │
│ 1.08     │ 430.13     │ 400.00      │ _21518_    │ _67539_/A        │ met1   │
│ 1.06     │ 423.22     │ 400.00      │ _15128_    │ _61719_/B        │ met1   │
│ 1.06     │ 423.22     │ 400.00      │ net1262    │ _60134_/A        │ met2   │
│ 1.06     │ 423.22     │ 400.00      │ net1544    │ _74145_/A        │ met1   │
│ 1.05     │ 419.15     │ 400.00      │ net165     │ fanout1466/A     │ met3   │
│ 1.00     │ 401.74     │ 400.00      │ net1136    │ fanout1135/A     │ met3   │
│ 1.00     │ 401.74     │ 400.00      │ net1136    │ _62295_/A        │ met3   │
└──────────┴────────────┴─────────────┴────────────┴──────────────────┴────────┘
