
===========================================================================
Violator List
============================================================================
[setup in-reg] key[101] -> _76032_/D : -122.244164
[setup in-reg] key[101] -> _75967_/D : -122.177597
[setup in-reg] key[101] -> _75968_/D : -122.176872
[setup in-reg] key[101] -> _76031_/D : -122.158546
[setup in-reg] key[101] -> _75966_/D : -122.134186
[setup in-reg] key[101] -> _76030_/D : -122.113411
[setup in-reg] key[101] -> _76033_/D : -122.054771
[setup in-reg] key[101] -> _75969_/D : -122.001740
[setup in-reg] key[101] -> _76028_/D : -121.949654
[setup in-reg] key[101] -> _76029_/D : -121.899277
[setup in-reg] key[101] -> _75964_/D : -121.896622
[setup in-reg] key[101] -> _75965_/D : -121.830643
[setup in-reg] key[101] -> _75962_/D : -121.783806
[setup in-reg] key[101] -> _75963_/D : -121.755196
[setup in-reg] key[101] -> _76027_/D : -121.738869
[setup in-reg] key[101] -> _76026_/D : -121.599968
[setup in-reg] key[101] -> _76025_/D : -121.311119
[setup in-reg] key[101] -> _75961_/D : -121.206062
[setup in-reg] key[101] -> _76024_/D : -121.194862
[setup in-reg] key[101] -> _75960_/D : -121.069649
[setup in-reg] key[101] -> _75958_/D : -120.924599
[setup in-reg] key[101] -> _75959_/D : -120.906410
[setup in-reg] key[101] -> _76022_/D : -120.805031
[setup in-reg] key[101] -> _76023_/D : -120.777443
[setup in-reg] key[101] -> _75957_/D : -120.768364
[setup in-reg] key[101] -> _76020_/D : -120.735954
[setup in-reg] key[101] -> _75956_/D : -120.644913
[setup in-reg] key[101] -> _76021_/D : -120.639473
[setup in-reg] key[101] -> _76000_/D : -120.439896
[setup in-reg] key[101] -> _76064_/D : -120.407440
[setup in-reg] key[101] -> _76019_/D : -120.193169
[setup in-reg] key[101] -> _75954_/D : -120.126205
[setup in-reg] key[101] -> _75955_/D : -120.103424
[setup in-reg] key[101] -> _76018_/D : -119.997101
[setup in-reg] key[101] -> _76065_/D : -119.980377
[setup in-reg] key[101] -> _75999_/D : -119.972305
[setup in-reg] key[101] -> _76063_/D : -119.949364
[setup in-reg] key[101] -> _75953_/D : -119.940964
[setup in-reg] key[101] -> _76001_/D : -119.899170
[setup in-reg] key[101] -> _76017_/D : -119.811821
[setup in-reg] key[101] -> _75952_/D : -119.788857
[setup in-reg] key[101] -> _75998_/D : -119.779861
[setup in-reg] key[101] -> _76062_/D : -119.638504
[setup in-reg] key[101] -> _76016_/D : -119.580467
[setup in-reg] key[101] -> _75996_/D : -119.483635
[setup in-reg] key[101] -> _75997_/D : -119.423721
[setup in-reg] key[101] -> _76060_/D : -119.321945
[setup in-reg] key[101] -> _75995_/D : -119.205238
[setup in-reg] key[101] -> _76057_/D : -119.198273
[setup in-reg] key[101] -> _76015_/D : -119.178368
[setup in-reg] key[101] -> _75994_/D : -119.169586
[setup in-reg] key[101] -> _76061_/D : -119.169228
[setup in-reg] key[101] -> _75993_/D : -119.129242
[setup in-reg] key[101] -> _75950_/D : -119.117264
[setup in-reg] key[101] -> _75951_/D : -119.082375
[setup in-reg] key[101] -> _76059_/D : -119.029907
[setup in-reg] key[101] -> _76014_/D : -119.008003
[setup in-reg] key[101] -> _76056_/D : -118.948624
[setup in-reg] key[101] -> _76058_/D : -118.933029
[setup in-reg] key[101] -> _75992_/D : -118.888527
[setup in-reg] key[101] -> _76055_/D : -118.828812
[setup in-reg] key[101] -> _75949_/D : -118.778061
[setup in-reg] key[101] -> _75991_/D : -118.758469
[setup in-reg] key[101] -> _76054_/D : -118.616135
[setup in-reg] key[101] -> _75990_/D : -118.546684
[setup in-reg] key[101] -> _76013_/D : -118.508217
[setup in-reg] key[101] -> _76052_/D : -118.428856
[setup in-reg] key[101] -> _75988_/D : -118.390564
[setup in-reg] key[101] -> _76053_/D : -118.369492
[setup in-reg] key[101] -> _75989_/D : -118.356155
[setup in-reg] key[101] -> _75948_/D : -118.266594
[setup in-reg] key[101] -> _76012_/D : -118.229767
[setup in-reg] key[101] -> _75987_/D : -118.207115
[setup in-reg] key[101] -> _75947_/D : -118.018021
[setup in-reg] key[101] -> _76051_/D : -118.016487
[setup in-reg] key[101] -> _76011_/D : -117.961937
[setup in-reg] key[101] -> _75946_/D : -117.840118
[setup in-reg] key[101] -> _76010_/D : -117.806664
[setup in-reg] key[101] -> _76050_/D : -117.755592
[setup in-reg] key[101] -> _75986_/D : -117.695396
[setup in-reg] key[101] -> _75945_/D : -117.668015
[setup in-reg] key[101] -> _76009_/D : -117.549744
[setup in-reg] key[101] -> _75944_/D : -117.476410
[setup in-reg] key[101] -> _76049_/D : -117.461266
[setup in-reg] key[101] -> _75985_/D : -117.424240
[setup in-reg] key[101] -> _76008_/D : -117.375610
[setup in-reg] key[101] -> _75984_/D : -117.238403
[setup in-reg] key[101] -> _75943_/D : -117.176132
[setup in-reg] key[101] -> _76007_/D : -117.078148
[setup in-reg] key[101] -> _76048_/D : -117.043091
[setup in-reg] key[101] -> _76047_/D : -116.915283
[setup in-reg] key[101] -> _75983_/D : -116.890419
[setup in-reg] key[101] -> _75982_/D : -116.806305
[setup in-reg] key[101] -> _76006_/D : -116.662643
[setup in-reg] key[101] -> _76046_/D : -116.624619
[setup in-reg] key[101] -> _76045_/D : -116.618835
[setup in-reg] key[101] -> _75942_/D : -116.560677
[setup in-reg] key[101] -> _75981_/D : -116.550964
[setup in-reg] key[101] -> _75941_/D : -116.449821
[setup in-reg] key[101] -> _76005_/D : -116.418121
[setup in-reg] key[101] -> _76044_/D : -116.325844
[setup in-reg] key[101] -> _75940_/D : -116.269707
[setup in-reg] key[101] -> _75980_/D : -116.257095
[setup in-reg] key[101] -> _76004_/D : -116.100899
[setup in-reg] key[101] -> _75939_/D : -116.044098
[setup in-reg] key[101] -> _76003_/D : -116.039787
[setup in-reg] key[101] -> _75938_/D : -115.930473
[setup in-reg] key[101] -> _76002_/D : -115.844719
[setup in-reg] key[101] -> _76043_/D : -115.727959
[setup in-reg] key[101] -> _75979_/D : -115.668907
[setup in-reg] key[101] -> _76042_/D : -115.665840
[setup in-reg] key[101] -> _75978_/D : -115.585976
[setup in-reg] key[101] -> _75977_/D : -115.458694
[setup in-reg] key[101] -> _76041_/D : -115.447083
[setup in-reg] key[101] -> _75976_/D : -115.264687
[setup in-reg] key[101] -> _76040_/D : -115.244926
[setup in-reg] key[101] -> _76039_/D : -115.205841
[setup in-reg] key[101] -> _75975_/D : -115.122765
[setup in-reg] key[101] -> _76038_/D : -114.844536
[setup in-reg] key[101] -> _75974_/D : -114.796494
[setup in-reg] key[101] -> _75973_/D : -114.680351
[setup in-reg] key[101] -> _76037_/D : -114.505318
[setup in-reg] key[101] -> _76036_/D : -114.296829
[setup in-reg] key[101] -> _75972_/D : -114.213478
[setup in-reg] key[101] -> _76035_/D : -114.011024
[setup in-reg] key[101] -> _75971_/D : -113.980392
[setup in-reg] key[101] -> _75970_/D : -113.664925
[setup in-reg] key[101] -> _76034_/D : -113.537613
Writing metric timing__hold_vio__count__corner:nom_tt_025C_1v80: 0
Writing metric timing__hold_r2r__ws__corner:nom_tt_025C_1v80: 1e30
Writing metric timing__hold_r2r_vio__count__corner:nom_tt_025C_1v80: 0
Writing metric timing__setup_vio__count__corner:nom_tt_025C_1v80: 128
Writing metric timing__setup_r2r__ws__corner:nom_tt_025C_1v80: 1e30
Writing metric timing__setup_r2r_vio__count__corner:nom_tt_025C_1v80: 0
